<?xml version="1.0" encoding="UTF-8"?>
<!-- Generated by org.testng.reporters.JUnitReportReporter -->
<testsuite hostname="DESKTOP-D7VFCU6" failures="0" tests="3" name="files.DynamicJsonProgram" time="11.666" errors="0" timestamp="06 May 2021 13:56:11 GMT" skipped="0">
  <testcase classname="files.DynamicJsonProgram" name="DynamicJson" time="0.769"/>
  <testcase classname="files.DynamicJsonProgram" name="DynamicJson" time="9.004"/>
  <testcase classname="files.DynamicJsonProgram" name="DynamicJson" time="1.893"/>
</testsuite> <!-- files.DynamicJsonProgram -->
